<?xml version="1.0" encoding="UTF-8"?>
<testsuite xmlns:xsi="http://www.w3.org/2001/XMLSchema-instance" xsi:noNamespaceSchemaLocation="https://maven.apache.org/surefire/maven-surefire-plugin/xsd/surefire-test-report.xsd" name="com.example.springdemo.service.UserServiceTest" time="1.56" tests="1" errors="1" skipped="0" failures="0">
  <properties>
[...]
</properties>
  <testcase name="test" classname="com.example.springdemo.service.UserServiceTest" time="0.023">
    <error message="Cannot invoke &quot;com.example.springdemo.pojo.dto.UserView.getName()&quot; because &quot;userView&quot; is null" type="java.lang.NullPointerException">java.lang.NullPointerException: Cannot invoke "com.example.springdemo.pojo.dto.UserView.getName()" because "userView" is null
	at com.example.springdemo.service.UserServiceTest.test(UserServiceTest.java:27)
</error>
    <system-out><![CDATA[&amp#27;[34m2022-08-27 13:11:35,655:INFO main (AbstractTestContextBootstrapper.java:305) - Neither @ContextConfiguration nor @ContextHierarchy found for test class [com.example.springdemo.service.UserServiceTest], using SpringBootContextLoader
&amp#27;[m&amp#27;[34m2022-08-27 13:11:35,657:INFO main (AbstractContextLoader.java:264) - Could not detect default resource locations for test class [com.example.springdemo.service.UserServiceTest]: no resource found for suffixes {-context.xml, Context.groovy}.
&amp#27;[m&amp#27;[34m2022-08-27 13:11:35,657:INFO main (AnnotationConfigContextLoaderUtils.java:83) - Could not detect default configuration classes for test class [com.example.springdemo.service.UserServiceTest]: UserServiceTest does not declare any static, non-private, non-final, nested classes annotated with @Configuration.
&amp#27;[m&amp#27;[34m2022-08-27 13:11:35,663:INFO main (SpringBootTestContextBootstrapper.java:238) - Found @SpringBootConfiguration com.example.springdemo.SpringDemoApplication for test class com.example.springdemo.service.UserServiceTest
&amp#27;[m&amp#27;[34m2022-08-27 13:11:35,665:INFO main (AbstractTestContextBootstrapper.java:245) - Loaded default TestExecutionListener class names from location [META-INF/spring.factories]: [org.springframework.boot.test.mock.mockito.MockitoTestExecutionListener, org.springframework.boot.test.mock.mockito.ResetMocksTestExecutionListener, org.springframework.boot.test.autoconfigure.restdocs.RestDocsTestExecutionListener, org.springframework.boot.test.autoconfigure.web.client.MockRestServiceServerResetTestExecutionListener, org.springframework.boot.test.autoconfigure.web.servlet.MockMvcPrintOnlyOnFailureTestExecutionListener, org.springframework.boot.test.autoconfigure.web.servlet.WebDriverTestExecutionListener, org.springframework.boot.test.autoconfigure.webservices.client.MockWebServiceServerTestExecutionListener, org.springframework.test.context.web.ServletTestExecutionListener, org.springframework.test.context.support.DirtiesContextBeforeModesTestExecutionListener, org.springframework.test.context.event.ApplicationEventsTestExecutionListener, org.springframework.test.context.support.DependencyInjectionTestExecutionListener, org.springframework.test.context.support.DirtiesContextTestExecutionListener, org.springframework.test.context.transaction.TransactionalTestExecutionListener, org.springframework.test.context.jdbc.SqlScriptsTestExecutionListener, org.springframework.test.context.event.EventPublishingTestExecutionListener]
&amp#27;[m&amp#27;[34m2022-08-27 13:11:35,666:INFO main (AbstractTestContextBootstrapper.java:174) - Using TestExecutionListeners: [org.springframework.test.context.web.ServletTestExecutionListener@6f7b8ae1, org.springframework.test.context.support.DirtiesContextBeforeModesTestExecutionListener@6c8d8b60, org.springframework.test.context.event.ApplicationEventsTestExecutionListener@4fa6fb7f, org.springframework.boot.test.mock.mockito.MockitoTestExecutionListener@2520010e, org.springframework.boot.test.autoconfigure.SpringBootDependencyInjectionTestExecutionListener@163fbbc9, org.springframework.test.context.support.DirtiesContextTestExecutionListener@1669f4e5, org.springframework.test.context.event.EventPublishingTestExecutionListener@6e6c8854, org.springframework.boot.test.mock.mockito.ResetMocksTestExecutionListener@4be1dce6, org.springframework.boot.test.autoconfigure.restdocs.RestDocsTestExecutionListener@206bd7a0, org.springframework.boot.test.autoconfigure.web.client.MockRestServiceServerResetTestExecutionListener@79fcd194, org.springframework.boot.test.autoconfigure.web.servlet.MockMvcPrintOnlyOnFailureTestExecutionListener@73d8c8d7, org.springframework.boot.test.autoconfigure.web.servlet.WebDriverTestExecutionListener@361b3ca6, org.springframework.boot.test.autoconfigure.webservices.client.MockWebServiceServerTestExecutionListener@48333b12]
&amp#27;[m ___________    ____  _______ .______     ____    ____ .___________. __    __   __  .__   __.   _______    .__   __.  __    __   __       __
|   ____\   \  /   / |   ____||   _  \    \   \  /   / |           ||  |  |  | |  | |  \ |  |  /  _____|   |  \ |  | |  |  |  | |  |     |  |
|  |__   \   \/   /  |  |__   |  |_)  |    \   \/   /  `---|  |----`|  |__|  | |  | |   \|  | |  |  __     |   \|  | |  |  |  | |  |     |  |
|   __|   \      /   |   __|  |      /      \_    _/       |  |     |   __   | |  | |  . `  | |  | |_ |    |  . `  | |  |  |  | |  |     |  |
|  |____   \    /    |  |____ |  |\  \----.   |  |         |  |     |  |  |  | |  | |  |\   | |  |__| |    |  |\   | |  `--'  | |  `----.|  `----.
|_______|   \__/     |_______|| _| `._____|   |__|         |__|     |__|  |__| |__| |__| \__|  \______|    |__| \__|  \______/  |_______||_______|


&amp#27;[34m2022-08-27 13:11:35,701:INFO main (StartupInfoLogger.java:55) - Starting UserServiceTest using Java 17.0.1 on YiyudeMBP with PID 10945 (started by qyy in /Users/qyy/Documents/Project/SpringDemo)
&amp#27;[m&amp#27;[34m2022-08-27 13:11:35,702:INFO main (SpringApplication.java:634) - No active profile set, falling back to 1 default profile: "default"
&amp#27;[m&amp#27;[34m2022-08-27 13:11:36,225:INFO main (TomcatWebServer.java:108) - Tomcat initialized with port(s): 0 (http)
&amp#27;[m2022-08-27 13:11:36,237 main TRACE Log4jLoggerFactory.getContext() found anchor class java.util.logging.Logger
&amp#27;[34m2022-08-27 13:11:36,238:INFO main (DirectJDKLog.java:173) - Initializing ProtocolHandler ["http-nio-auto-1"]
&amp#27;[m2022-08-27 13:11:36,239 main TRACE Log4jLoggerFactory.getContext() found anchor class java.util.logging.Logger
&amp#27;[34m2022-08-27 13:11:36,239:INFO main (DirectJDKLog.java:173) - Starting service [Tomcat]
&amp#27;[m2022-08-27 13:11:36,240 main TRACE Log4jLoggerFactory.getContext() found anchor class java.util.logging.Logger
&amp#27;[34m2022-08-27 13:11:36,240:INFO main (DirectJDKLog.java:173) - Starting Servlet engine: [Apache Tomcat/9.0.65]
&amp#27;[m2022-08-27 13:11:36,352 main TRACE Log4jLoggerFactory.getContext() found anchor class java.util.logging.Logger
&amp#27;[34m2022-08-27 13:11:36,353:INFO main (DirectJDKLog.java:173) - Initializing Spring embedded WebApplicationContext
&amp#27;[m&amp#27;[34m2022-08-27 13:11:36,353:INFO main (ServletWebServerApplicationContext.java:292) - Root WebApplicationContext: initialization completed in 649 ms
&amp#27;[m2022-08-27 13:11:37,131 main TRACE Log4jLoggerFactory.getContext() found anchor class java.util.logging.Logger
&amp#27;[34m2022-08-27 13:11:37,131:INFO main (DirectJDKLog.java:173) - Starting ProtocolHandler ["http-nio-auto-1"]
&amp#27;[m&amp#27;[34m2022-08-27 13:11:37,155:INFO main (TomcatWebServer.java:220) - Tomcat started on port(s): 50510 (http) with context path ''
&amp#27;[m&amp#27;[34m2022-08-27 13:11:37,207:INFO main (StartupInfoLogger.java:61) - Started UserServiceTest in 1.538 seconds (JVM running for 6.785)
&amp#27;[mtrue
&amp#27;[34m2022-08-27 13:11:37,219:INFO main (LogAspect.java:31) - 用户请求开始
&amp#27;[m&amp#27;[34m2022-08-27 13:11:37,220:INFO main (LogAspect.java:33) - getUserView运行中
&amp#27;[m&amp#27;[34m2022-08-27 13:11:37,225:INFO main (LogAspect.java:38) - 用户请求结束
&amp#27;[m]]></system-out>
  </testcase>
</testsuite>